{
  "RSpec": {
    "coverage": {
      "/home/johndennehy/projects/tech-test-practice/bank/spec/account_spec.rb": [
        null,
        null,
        1,
        1,
        null,
        1,
        1,
        1,
        1,
        null,
        null,
        1,
        1,
        1,
        null,
        null,
        1,
        1,
        1,
        1,
        null,
        null,
        1,
        1,
        1,
        1,
        null,
        null,
        null
      ],
      "/home/johndennehy/projects/tech-test-practice/bank/lib/account.rb": [
        null,
        null,
        1,
        1,
        1,
        1,
        null,
        null,
        1,
        1,
        null,
        1,
        4,
        4,
        null,
        null,
        1,
        2,
        2,
        2,
        null,
        null,
        1,
        0,
        0,
        null,
        null
      ],
      "/home/johndennehy/projects/tech-test-practice/bank/lib/statement.rb": [
        null,
        null,
        1,
        null,
        1,
        1,
        null,
        1,
        5,
        5,
        5,
        5,
        null,
        null,
        1,
        null,
        1,
        5,
        15,
        15,
        null,
        null,
        null,
        null,
        null,
        null,
        5,
        null,
        null,
        1,
        15,
        15,
        null,
        null,
        null
      ],
      "/home/johndennehy/projects/tech-test-practice/bank/lib/transaction.rb": [
        null,
        null,
        1,
        1,
        1,
        null,
        1,
        7,
        7,
        7,
        null,
        null,
        1,
        null,
        1,
        7,
        null,
        null,
        1,
        7,
        null,
        null
      ],
      "/home/johndennehy/projects/tech-test-practice/bank/lib/display.rb": [
        1,
        null,
        1,
        null,
        1,
        null,
        1,
        1,
        1,
        1,
        null,
        null,
        1,
        null,
        1,
        1,
        1,
        3,
        null,
        null,
        null,
        null,
        null,
        null,
        1,
        null,
        null,
        1,
        3,
        3,
        3,
        3,
        3,
        3,
        null,
        null,
        1,
        3,
        null,
        null,
        1,
        9,
        6,
        6,
        null,
        null
      ],
      "/home/johndennehy/projects/tech-test-practice/bank/spec/display_spec.rb": [
        1,
        null,
        1,
        null,
        2,
        null,
        null,
        null,
        null,
        null,
        null,
        null,
        null,
        null,
        null,
        null,
        null,
        null,
        null,
        null,
        null,
        null,
        null,
        null,
        null,
        null,
        null,
        1,
        1,
        1,
        1,
        1,
        1,
        null,
        1,
        null,
        null
      ],
      "/home/johndennehy/projects/tech-test-practice/bank/spec/statement_spec.rb": [
        null,
        null,
        1,
        1,
        null,
        1,
        6,
        null,
        null,
        null,
        null,
        null,
        null,
        6,
        null,
        null,
        null,
        null,
        null,
        null,
        6,
        null,
        null,
        null,
        null,
        null,
        null,
        1,
        5,
        5,
        null,
        null,
        4,
        4,
        4,
        null,
        1,
        1,
        1,
        1,
        1,
        null,
        null,
        1,
        1,
        1,
        1,
        1,
        null,
        null,
        1,
        1,
        1,
        1,
        1,
        null,
        null,
        1,
        null,
        1,
        1,
        1,
        1,
        null,
        null,
        1,
        1,
        1,
        1,
        null,
        null,
        null
      ],
      "/home/johndennehy/projects/tech-test-practice/bank/spec/transaction_spec.rb": [
        null,
        null,
        1,
        1,
        null,
        1,
        1,
        1,
        1,
        1,
        null,
        null,
        1,
        1,
        1,
        1,
        null,
        null,
        1,
        1,
        1,
        1,
        null,
        null,
        1,
        1,
        null,
        1,
        1,
        null,
        null,
        1,
        1,
        1,
        1,
        null,
        null
      ]
    },
    "timestamp": 1574277150
  }
}
